g:\学习课程\毕业设计\smbd\smbd\debug\smbd.pch
g:\学习课程\毕业设计\smbd\smbd\debug\vc140.pdb
g:\学习课程\毕业设计\smbd\smbd\debug\vc140.idb
g:\学习课程\毕业设计\smbd\smbd\debug\stdafx.obj
g:\学习课程\毕业设计\smbd\smbd\debug\bddlg.obj
g:\学习课程\毕业设计\smbd\smbd\debug\cameracalibration.obj
g:\学习课程\毕业设计\smbd\smbd\debug\smbd.obj
g:\学习课程\毕业设计\smbd\smbd\debug\smbddlg.obj
g:\学习课程\毕业设计\smbd\debug\smbd.ilk
g:\学习课程\毕业设计\smbd\debug\smbd.exe
g:\学习课程\毕业设计\smbd\debug\smbd.pdb
g:\学习课程\毕业设计\smbd\smbd\debug\smbd.res
g:\学习课程\毕业设计\smbd\smbd\debug\smbd.tlog\cl.command.1.tlog
g:\学习课程\毕业设计\smbd\smbd\debug\smbd.tlog\cl.read.1.tlog
g:\学习课程\毕业设计\smbd\smbd\debug\smbd.tlog\cl.write.1.tlog
g:\学习课程\毕业设计\smbd\smbd\debug\smbd.tlog\link.command.1.tlog
g:\学习课程\毕业设计\smbd\smbd\debug\smbd.tlog\link.read.1.tlog
g:\学习课程\毕业设计\smbd\smbd\debug\smbd.tlog\link.write.1.tlog
g:\学习课程\毕业设计\smbd\smbd\debug\smbd.tlog\rc.command.1.tlog
g:\学习课程\毕业设计\smbd\smbd\debug\smbd.tlog\rc.read.1.tlog
g:\学习课程\毕业设计\smbd\smbd\debug\smbd.tlog\rc.write.1.tlog
